2022-08-07 16:57:35 [main]**************** INFO  com.example.modules.user.UserTest - Starting UserTest using Java 1.8.0_301 on LAPTOP-NM7AET7F with PID 18536 (started by 龙涛05664416459 in F:\git-histudent\histudent)
2022-08-07 16:57:35 [main]**************** DEBUG com.example.modules.user.UserTest - Running with Spring Boot v2.7.1, Spring v5.3.21
2022-08-07 16:57:35 [main]**************** INFO  com.example.modules.user.UserTest - The following 1 profile is active: "dev"
2022-08-07 16:57:38 [main]**************** INFO  com.alibaba.druid.pool.DruidDataSource - {dataSource-1} inited
2022-08-07 16:57:40 [main]**************** INFO  org.hibernate.jpa.internal.util.LogHelper - HHH000204: Processing PersistenceUnitInfo [name: default]
2022-08-07 16:57:40 [main]**************** INFO  org.hibernate.Version - HHH000412: Hibernate ORM core version 5.6.9.Final
2022-08-07 16:57:40 [main]**************** INFO  org.hibernate.annotations.common.Version - HCANN000001: Hibernate Commons Annotations {5.1.2.Final}
2022-08-07 16:57:41 [main]**************** INFO  org.hibernate.dialect.Dialect - HHH000400: Using dialect: org.hibernate.dialect.MySQL8Dialect
2022-08-07 16:57:41 [main]**************** INFO  o.h.e.t.jta.platform.internal.JtaPlatformInitiator - HHH000490: Using JtaPlatform implementation: [org.hibernate.engine.transaction.jta.platform.internal.NoJtaPlatform]
2022-08-07 16:57:44 [main]**************** INFO  com.example.modules.user.UserTest - Started UserTest in 9.308 seconds (JVM running for 10.948)
2022-08-07 16:57:45 [SpringApplicationShutdownHook]**************** INFO  com.alibaba.druid.pool.DruidDataSource - {dataSource-1} closing ...
2022-08-07 16:57:45 [SpringApplicationShutdownHook]**************** INFO  com.alibaba.druid.pool.DruidDataSource - {dataSource-1} closed
2022-08-07 16:59:08 [main]**************** INFO  com.example.modules.user.UserTest - Starting UserTest using Java 1.8.0_301 on LAPTOP-NM7AET7F with PID 13964 (started by 龙涛05664416459 in F:\git-histudent\histudent)
2022-08-07 16:59:08 [main]**************** DEBUG com.example.modules.user.UserTest - Running with Spring Boot v2.7.1, Spring v5.3.21
2022-08-07 16:59:08 [main]**************** INFO  com.example.modules.user.UserTest - The following 1 profile is active: "dev"
2022-08-07 16:59:11 [main]**************** INFO  com.alibaba.druid.pool.DruidDataSource - {dataSource-1} inited
2022-08-07 16:59:13 [main]**************** INFO  org.hibernate.jpa.internal.util.LogHelper - HHH000204: Processing PersistenceUnitInfo [name: default]
2022-08-07 16:59:13 [main]**************** INFO  org.hibernate.Version - HHH000412: Hibernate ORM core version 5.6.9.Final
2022-08-07 16:59:13 [main]**************** INFO  org.hibernate.annotations.common.Version - HCANN000001: Hibernate Commons Annotations {5.1.2.Final}
2022-08-07 16:59:13 [main]**************** INFO  org.hibernate.dialect.Dialect - HHH000400: Using dialect: org.hibernate.dialect.MySQL8Dialect
2022-08-07 16:59:13 [main]**************** INFO  o.h.e.t.jta.platform.internal.JtaPlatformInitiator - HHH000490: Using JtaPlatform implementation: [org.hibernate.engine.transaction.jta.platform.internal.NoJtaPlatform]
2022-08-07 16:59:17 [main]**************** INFO  com.example.modules.user.UserTest - Started UserTest in 8.721 seconds (JVM running for 10.188)
2022-08-07 16:59:17 [SpringApplicationShutdownHook]**************** INFO  com.alibaba.druid.pool.DruidDataSource - {dataSource-1} closing ...
2022-08-07 16:59:17 [SpringApplicationShutdownHook]**************** INFO  com.alibaba.druid.pool.DruidDataSource - {dataSource-1} closed
2022-08-07 17:00:26 [main]**************** INFO  com.example.modules.user.UserTest - Starting UserTest using Java 1.8.0_301 on LAPTOP-NM7AET7F with PID 14452 (started by 龙涛05664416459 in F:\git-histudent\histudent)
2022-08-07 17:00:26 [main]**************** DEBUG com.example.modules.user.UserTest - Running with Spring Boot v2.7.1, Spring v5.3.21
2022-08-07 17:00:26 [main]**************** INFO  com.example.modules.user.UserTest - The following 1 profile is active: "dev"
2022-08-07 17:00:29 [main]**************** INFO  com.alibaba.druid.pool.DruidDataSource - {dataSource-1} inited
2022-08-07 17:00:31 [main]**************** INFO  org.hibernate.jpa.internal.util.LogHelper - HHH000204: Processing PersistenceUnitInfo [name: default]
2022-08-07 17:00:31 [main]**************** INFO  org.hibernate.Version - HHH000412: Hibernate ORM core version 5.6.9.Final
2022-08-07 17:00:31 [main]**************** INFO  org.hibernate.annotations.common.Version - HCANN000001: Hibernate Commons Annotations {5.1.2.Final}
2022-08-07 17:00:31 [main]**************** INFO  org.hibernate.dialect.Dialect - HHH000400: Using dialect: org.hibernate.dialect.MySQL8Dialect
2022-08-07 17:00:31 [main]**************** INFO  o.h.e.t.jta.platform.internal.JtaPlatformInitiator - HHH000490: Using JtaPlatform implementation: [org.hibernate.engine.transaction.jta.platform.internal.NoJtaPlatform]
2022-08-07 17:00:35 [main]**************** INFO  com.example.modules.user.UserTest - Started UserTest in 9.662 seconds (JVM running for 11.021)
2022-08-07 17:00:36 [SpringApplicationShutdownHook]**************** INFO  com.alibaba.druid.pool.DruidDataSource - {dataSource-1} closing ...
2022-08-07 17:00:36 [SpringApplicationShutdownHook]**************** INFO  com.alibaba.druid.pool.DruidDataSource - {dataSource-1} closed
2022-08-07 17:01:01 [main]**************** INFO  com.example.modules.user.UserTest - Starting UserTest using Java 1.8.0_301 on LAPTOP-NM7AET7F with PID 20004 (started by 龙涛05664416459 in F:\git-histudent\histudent)
2022-08-07 17:01:01 [main]**************** DEBUG com.example.modules.user.UserTest - Running with Spring Boot v2.7.1, Spring v5.3.21
2022-08-07 17:01:01 [main]**************** INFO  com.example.modules.user.UserTest - The following 1 profile is active: "dev"
2022-08-07 17:01:04 [main]**************** INFO  com.alibaba.druid.pool.DruidDataSource - {dataSource-1} inited
2022-08-07 17:01:05 [main]**************** INFO  org.hibernate.jpa.internal.util.LogHelper - HHH000204: Processing PersistenceUnitInfo [name: default]
2022-08-07 17:01:05 [main]**************** INFO  org.hibernate.Version - HHH000412: Hibernate ORM core version 5.6.9.Final
2022-08-07 17:01:06 [main]**************** INFO  org.hibernate.annotations.common.Version - HCANN000001: Hibernate Commons Annotations {5.1.2.Final}
2022-08-07 17:01:06 [main]**************** INFO  org.hibernate.dialect.Dialect - HHH000400: Using dialect: org.hibernate.dialect.MySQL8Dialect
2022-08-07 17:01:06 [main]**************** INFO  o.h.e.t.jta.platform.internal.JtaPlatformInitiator - HHH000490: Using JtaPlatform implementation: [org.hibernate.engine.transaction.jta.platform.internal.NoJtaPlatform]
2022-08-07 17:01:10 [main]**************** INFO  com.example.modules.user.UserTest - Started UserTest in 9.013 seconds (JVM running for 10.554)
2022-08-07 17:01:11 [SpringApplicationShutdownHook]**************** INFO  com.alibaba.druid.pool.DruidDataSource - {dataSource-1} closing ...
2022-08-07 17:01:11 [SpringApplicationShutdownHook]**************** INFO  com.alibaba.druid.pool.DruidDataSource - {dataSource-1} closed
2022-08-07 17:02:37 [main]**************** INFO  com.example.modules.user.UserTest - Starting UserTest using Java 1.8.0_301 on LAPTOP-NM7AET7F with PID 20188 (started by 龙涛05664416459 in F:\git-histudent\histudent)
2022-08-07 17:02:37 [main]**************** DEBUG com.example.modules.user.UserTest - Running with Spring Boot v2.7.1, Spring v5.3.21
2022-08-07 17:02:37 [main]**************** INFO  com.example.modules.user.UserTest - The following 1 profile is active: "dev"
2022-08-07 17:02:40 [main]**************** INFO  com.alibaba.druid.pool.DruidDataSource - {dataSource-1} inited
2022-08-07 17:02:42 [main]**************** INFO  org.hibernate.jpa.internal.util.LogHelper - HHH000204: Processing PersistenceUnitInfo [name: default]
2022-08-07 17:02:42 [main]**************** INFO  org.hibernate.Version - HHH000412: Hibernate ORM core version 5.6.9.Final
2022-08-07 17:02:42 [main]**************** INFO  org.hibernate.annotations.common.Version - HCANN000001: Hibernate Commons Annotations {5.1.2.Final}
2022-08-07 17:02:42 [main]**************** INFO  org.hibernate.dialect.Dialect - HHH000400: Using dialect: org.hibernate.dialect.MySQL8Dialect
2022-08-07 17:02:42 [main]**************** INFO  o.h.e.t.jta.platform.internal.JtaPlatformInitiator - HHH000490: Using JtaPlatform implementation: [org.hibernate.engine.transaction.jta.platform.internal.NoJtaPlatform]
2022-08-07 17:02:46 [main]**************** INFO  com.example.modules.user.UserTest - Started UserTest in 9.521 seconds (JVM running for 10.816)
2022-08-07 17:02:46 [SpringApplicationShutdownHook]**************** INFO  com.alibaba.druid.pool.DruidDataSource - {dataSource-1} closing ...
2022-08-07 17:02:46 [SpringApplicationShutdownHook]**************** INFO  com.alibaba.druid.pool.DruidDataSource - {dataSource-1} closed
2022-08-07 17:03:21 [main]**************** INFO  com.example.modules.user.UserTest - Starting UserTest using Java 1.8.0_301 on LAPTOP-NM7AET7F with PID 20092 (started by 龙涛05664416459 in F:\git-histudent\histudent)
2022-08-07 17:03:21 [main]**************** DEBUG com.example.modules.user.UserTest - Running with Spring Boot v2.7.1, Spring v5.3.21
2022-08-07 17:03:21 [main]**************** INFO  com.example.modules.user.UserTest - The following 1 profile is active: "dev"
2022-08-07 17:03:23 [main]**************** INFO  com.alibaba.druid.pool.DruidDataSource - {dataSource-1} inited
2022-08-07 17:03:25 [main]**************** INFO  org.hibernate.jpa.internal.util.LogHelper - HHH000204: Processing PersistenceUnitInfo [name: default]
2022-08-07 17:03:25 [main]**************** INFO  org.hibernate.Version - HHH000412: Hibernate ORM core version 5.6.9.Final
2022-08-07 17:03:25 [main]**************** INFO  org.hibernate.annotations.common.Version - HCANN000001: Hibernate Commons Annotations {5.1.2.Final}
2022-08-07 17:03:26 [main]**************** INFO  org.hibernate.dialect.Dialect - HHH000400: Using dialect: org.hibernate.dialect.MySQL8Dialect
2022-08-07 17:03:26 [main]**************** INFO  o.h.e.t.jta.platform.internal.JtaPlatformInitiator - HHH000490: Using JtaPlatform implementation: [org.hibernate.engine.transaction.jta.platform.internal.NoJtaPlatform]
2022-08-07 17:03:30 [main]**************** INFO  com.example.modules.user.UserTest - Started UserTest in 9.035 seconds (JVM running for 10.507)
2022-08-07 17:03:30 [SpringApplicationShutdownHook]**************** INFO  com.alibaba.druid.pool.DruidDataSource - {dataSource-1} closing ...
2022-08-07 17:03:30 [SpringApplicationShutdownHook]**************** INFO  com.alibaba.druid.pool.DruidDataSource - {dataSource-1} closed
