2022-07-26 00:53:52 [main]**************** INFO  com.example.HistudentApplication - Starting HistudentApplication using Java 17.0.3.1 on MuShan with PID 15152 (D:\Development\Programming\MyCode\IDEAProject\histudent\target\classes started by MuShan in D:\Development\Programming\MyCode\IDEAProject\histudent)
2022-07-26 00:53:52 [main]**************** DEBUG com.example.HistudentApplication - Running with Spring Boot v2.7.1, Spring v5.3.21
2022-07-26 00:53:52 [main]**************** INFO  com.example.HistudentApplication - The following 1 profile is active: "dev"
2022-07-26 00:53:53 [main]**************** INFO  org.apache.catalina.core.AprLifecycleListener - Loaded Apache Tomcat Native library [1.2.31] using APR version [1.7.0].
2022-07-26 00:53:53 [main]**************** INFO  org.apache.catalina.core.AprLifecycleListener - APR capabilities: IPv6 [true], sendfile [true], accept filters [false], random [true], UDS [true].
2022-07-26 00:53:53 [main]**************** INFO  org.apache.catalina.core.AprLifecycleListener - APR/OpenSSL configuration: useAprConnector [false], useOpenSSL [true]
2022-07-26 00:53:53 [main]**************** INFO  org.apache.catalina.core.AprLifecycleListener - OpenSSL successfully initialized [OpenSSL 1.1.1l  24 Aug 2021]
2022-07-26 00:53:53 [main]**************** INFO  org.apache.coyote.http11.Http11NioProtocol - Initializing ProtocolHandler ["http-nio-8081"]
2022-07-26 00:53:53 [main]**************** INFO  org.apache.catalina.core.StandardService - Starting service [Tomcat]
2022-07-26 00:53:53 [main]**************** INFO  org.apache.catalina.core.StandardEngine - Starting Servlet engine: [Apache Tomcat/9.0.64]
2022-07-26 00:53:53 [main]**************** INFO  o.a.c.core.ContainerBase.[Tomcat].[localhost].[/] - Initializing Spring embedded WebApplicationContext
2022-07-26 00:53:54 [main]**************** INFO  com.alibaba.druid.pool.DruidDataSource - {dataSource-1} inited
2022-07-26 00:53:55 [main]**************** INFO  org.hibernate.jpa.internal.util.LogHelper - HHH000204: Processing PersistenceUnitInfo [name: default]
2022-07-26 00:53:55 [main]**************** INFO  org.hibernate.Version - HHH000412: Hibernate ORM core version 5.6.9.Final
2022-07-26 00:53:56 [main]**************** INFO  org.hibernate.annotations.common.Version - HCANN000001: Hibernate Commons Annotations {5.1.2.Final}
2022-07-26 00:53:56 [main]**************** INFO  org.hibernate.dialect.Dialect - HHH000400: Using dialect: org.hibernate.dialect.MySQL8Dialect
2022-07-26 00:53:56 [main]**************** INFO  o.h.e.t.jta.platform.internal.JtaPlatformInitiator - HHH000490: Using JtaPlatform implementation: [org.hibernate.engine.transaction.jta.platform.internal.NoJtaPlatform]
2022-07-26 00:53:58 [main]**************** INFO  org.apache.coyote.http11.Http11NioProtocol - Starting ProtocolHandler ["http-nio-8081"]
2022-07-26 00:53:58 [main]**************** INFO  com.example.HistudentApplication - Started HistudentApplication in 7.035 seconds (JVM running for 7.961)
2022-07-26 00:56:31 [http-nio-8081-exec-1]**************** INFO  o.a.c.core.ContainerBase.[Tomcat].[localhost].[/] - Initializing Spring DispatcherServlet 'dispatcherServlet'
2022-07-26 01:04:04 [http-nio-8081-exec-8]**************** ERROR o.a.c.c.C.[.[localhost].[/].[dispatcherServlet] - Servlet.service() for servlet [dispatcherServlet] in context with path [] threw exception [Request processing failed; nested exception is org.apache.ibatis.binding.BindingException: Invalid bound statement (not found): com.example.modules.walls.service.WallPostService.insertWallPost] with root cause
org.apache.ibatis.binding.BindingException: Invalid bound statement (not found): com.example.modules.walls.service.WallPostService.insertWallPost
	at org.apache.ibatis.binding.MapperMethod$SqlCommand.<init>(MapperMethod.java:235)
	at com.baomidou.mybatisplus.core.override.MybatisMapperMethod.<init>(MybatisMapperMethod.java:51)
	at com.baomidou.mybatisplus.core.override.MybatisMapperProxy.lambda$cachedInvoker$0(MybatisMapperProxy.java:111)
	at java.base/java.util.concurrent.ConcurrentHashMap.computeIfAbsent(ConcurrentHashMap.java:1708)
	at com.baomidou.mybatisplus.core.toolkit.CollectionUtils.computeIfAbsent(CollectionUtils.java:117)
	at com.baomidou.mybatisplus.core.override.MybatisMapperProxy.cachedInvoker(MybatisMapperProxy.java:98)
	at com.baomidou.mybatisplus.core.override.MybatisMapperProxy.invoke(MybatisMapperProxy.java:89)
	at jdk.proxy2/jdk.proxy2.$Proxy107.insertWallPost(Unknown Source)
	at java.base/jdk.internal.reflect.NativeMethodAccessorImpl.invoke0(Native Method)
	at java.base/jdk.internal.reflect.NativeMethodAccessorImpl.invoke(NativeMethodAccessorImpl.java:77)
	at java.base/jdk.internal.reflect.DelegatingMethodAccessorImpl.invoke(DelegatingMethodAccessorImpl.java:43)
	at java.base/java.lang.reflect.Method.invoke(Method.java:568)
	at org.springframework.aop.support.AopUtils.invokeJoinpointUsingReflection(AopUtils.java:344)
	at org.springframework.aop.framework.JdkDynamicAopProxy.invoke(JdkDynamicAopProxy.java:208)
	at jdk.proxy2/jdk.proxy2.$Proxy108.insertWallPost(Unknown Source)
	at com.example.modules.walls.controller.WallPostController.addWallPost(WallPostController.java:53)
	at java.base/jdk.internal.reflect.NativeMethodAccessorImpl.invoke0(Native Method)
	at java.base/jdk.internal.reflect.NativeMethodAccessorImpl.invoke(NativeMethodAccessorImpl.java:77)
	at java.base/jdk.internal.reflect.DelegatingMethodAccessorImpl.invoke(DelegatingMethodAccessorImpl.java:43)
	at java.base/java.lang.reflect.Method.invoke(Method.java:568)
	at org.springframework.web.method.support.InvocableHandlerMethod.doInvoke(InvocableHandlerMethod.java:205)
	at org.springframework.web.method.support.InvocableHandlerMethod.invokeForRequest(InvocableHandlerMethod.java:150)
	at org.springframework.web.servlet.mvc.method.annotation.ServletInvocableHandlerMethod.invokeAndHandle(ServletInvocableHandlerMethod.java:117)
	at org.springframework.web.servlet.mvc.method.annotation.RequestMappingHandlerAdapter.invokeHandlerMethod(RequestMappingHandlerAdapter.java:895)
	at org.springframework.web.servlet.mvc.method.annotation.RequestMappingHandlerAdapter.handleInternal(RequestMappingHandlerAdapter.java:808)
	at org.springframework.web.servlet.mvc.method.AbstractHandlerMethodAdapter.handle(AbstractHandlerMethodAdapter.java:87)
	at org.springframework.web.servlet.DispatcherServlet.doDispatch(DispatcherServlet.java:1067)
	at org.springframework.web.servlet.DispatcherServlet.doService(DispatcherServlet.java:963)
	at org.springframework.web.servlet.FrameworkServlet.processRequest(FrameworkServlet.java:1006)
	at org.springframework.web.servlet.FrameworkServlet.doPut(FrameworkServlet.java:920)
	at javax.servlet.http.HttpServlet.service(HttpServlet.java:684)
	at org.springframework.web.servlet.FrameworkServlet.service(FrameworkServlet.java:883)
	at javax.servlet.http.HttpServlet.service(HttpServlet.java:764)
	at org.apache.catalina.core.ApplicationFilterChain.internalDoFilter(ApplicationFilterChain.java:227)
	at org.apache.catalina.core.ApplicationFilterChain.doFilter(ApplicationFilterChain.java:162)
	at org.apache.tomcat.websocket.server.WsFilter.doFilter(WsFilter.java:53)
	at org.apache.catalina.core.ApplicationFilterChain.internalDoFilter(ApplicationFilterChain.java:189)
	at org.apache.catalina.core.ApplicationFilterChain.doFilter(ApplicationFilterChain.java:162)
	at com.alibaba.druid.support.http.WebStatFilter.doFilter(WebStatFilter.java:114)
	at org.apache.catalina.core.ApplicationFilterChain.internalDoFilter(ApplicationFilterChain.java:189)
	at org.apache.catalina.core.ApplicationFilterChain.doFilter(ApplicationFilterChain.java:162)
	at org.springframework.web.filter.RequestContextFilter.doFilterInternal(RequestContextFilter.java:100)
	at org.springframework.web.filter.OncePerRequestFilter.doFilter(OncePerRequestFilter.java:117)
	at org.apache.catalina.core.ApplicationFilterChain.internalDoFilter(ApplicationFilterChain.java:189)
	at org.apache.catalina.core.ApplicationFilterChain.doFilter(ApplicationFilterChain.java:162)
	at org.springframework.web.filter.FormContentFilter.doFilterInternal(FormContentFilter.java:93)
	at org.springframework.web.filter.OncePerRequestFilter.doFilter(OncePerRequestFilter.java:117)
	at org.apache.catalina.core.ApplicationFilterChain.internalDoFilter(ApplicationFilterChain.java:189)
	at org.apache.catalina.core.ApplicationFilterChain.doFilter(ApplicationFilterChain.java:162)
	at org.springframework.web.filter.CharacterEncodingFilter.doFilterInternal(CharacterEncodingFilter.java:201)
	at org.springframework.web.filter.OncePerRequestFilter.doFilter(OncePerRequestFilter.java:117)
	at org.apache.catalina.core.ApplicationFilterChain.internalDoFilter(ApplicationFilterChain.java:189)
	at org.apache.catalina.core.ApplicationFilterChain.doFilter(ApplicationFilterChain.java:162)
	at org.apache.catalina.core.StandardWrapperValve.invoke(StandardWrapperValve.java:197)
	at org.apache.catalina.core.StandardContextValve.invoke(StandardContextValve.java:97)
	at org.apache.catalina.authenticator.AuthenticatorBase.invoke(AuthenticatorBase.java:541)
	at org.apache.catalina.core.StandardHostValve.invoke(StandardHostValve.java:135)
	at org.apache.catalina.valves.ErrorReportValve.invoke(ErrorReportValve.java:92)
	at org.apache.catalina.core.StandardEngineValve.invoke(StandardEngineValve.java:78)
	at org.apache.catalina.connector.CoyoteAdapter.service(CoyoteAdapter.java:360)
	at org.apache.coyote.http11.Http11Processor.service(Http11Processor.java:399)
	at org.apache.coyote.AbstractProcessorLight.process(AbstractProcessorLight.java:65)
	at org.apache.coyote.AbstractProtocol$ConnectionHandler.process(AbstractProtocol.java:890)
	at org.apache.tomcat.util.net.NioEndpoint$SocketProcessor.doRun(NioEndpoint.java:1787)
	at org.apache.tomcat.util.net.SocketProcessorBase.run(SocketProcessorBase.java:49)
	at org.apache.tomcat.util.threads.ThreadPoolExecutor.runWorker(ThreadPoolExecutor.java:1191)
	at org.apache.tomcat.util.threads.ThreadPoolExecutor$Worker.run(ThreadPoolExecutor.java:659)
	at org.apache.tomcat.util.threads.TaskThread$WrappingRunnable.run(TaskThread.java:61)
	at java.base/java.lang.Thread.run(Thread.java:833)
2022-07-26 01:09:39 [main]**************** INFO  com.example.modules.wall.service.WallTest - Starting WallTest using Java 17.0.3.1 on MuShan with PID 18920 (started by MuShan in D:\Development\Programming\MyCode\IDEAProject\histudent)
2022-07-26 01:09:39 [main]**************** DEBUG com.example.modules.wall.service.WallTest - Running with Spring Boot v2.7.1, Spring v5.3.21
2022-07-26 01:09:39 [main]**************** INFO  com.example.modules.wall.service.WallTest - The following 1 profile is active: "dev"
2022-07-26 01:09:42 [main]**************** INFO  com.alibaba.druid.pool.DruidDataSource - {dataSource-1} inited
2022-07-26 01:09:43 [main]**************** INFO  org.hibernate.jpa.internal.util.LogHelper - HHH000204: Processing PersistenceUnitInfo [name: default]
2022-07-26 01:09:43 [main]**************** INFO  org.hibernate.Version - HHH000412: Hibernate ORM core version 5.6.9.Final
2022-07-26 01:09:44 [main]**************** INFO  org.hibernate.annotations.common.Version - HCANN000001: Hibernate Commons Annotations {5.1.2.Final}
2022-07-26 01:09:44 [main]**************** INFO  org.hibernate.dialect.Dialect - HHH000400: Using dialect: org.hibernate.dialect.MySQL8Dialect
2022-07-26 01:09:44 [main]**************** INFO  o.h.e.t.jta.platform.internal.JtaPlatformInitiator - HHH000490: Using JtaPlatform implementation: [org.hibernate.engine.transaction.jta.platform.internal.NoJtaPlatform]
2022-07-26 01:09:46 [main]**************** INFO  com.example.modules.wall.service.WallTest - Started WallTest in 7.178 seconds (JVM running for 8.82)
2022-07-26 01:09:47 [SpringApplicationShutdownHook]**************** INFO  com.alibaba.druid.pool.DruidDataSource - {dataSource-1} closing ...
2022-07-26 01:09:47 [SpringApplicationShutdownHook]**************** INFO  com.alibaba.druid.pool.DruidDataSource - {dataSource-1} closed
2022-07-26 01:12:29 [main]**************** INFO  com.example.modules.wall.service.WallTest - Starting WallTest using Java 17.0.3.1 on MuShan with PID 11244 (started by MuShan in D:\Development\Programming\MyCode\IDEAProject\histudent)
2022-07-26 01:12:29 [main]**************** DEBUG com.example.modules.wall.service.WallTest - Running with Spring Boot v2.7.1, Spring v5.3.21
2022-07-26 01:12:29 [main]**************** INFO  com.example.modules.wall.service.WallTest - The following 1 profile is active: "dev"
2022-07-26 01:12:31 [main]**************** INFO  com.alibaba.druid.pool.DruidDataSource - {dataSource-1} inited
2022-07-26 01:12:33 [main]**************** INFO  org.hibernate.jpa.internal.util.LogHelper - HHH000204: Processing PersistenceUnitInfo [name: default]
2022-07-26 01:12:33 [main]**************** INFO  org.hibernate.Version - HHH000412: Hibernate ORM core version 5.6.9.Final
2022-07-26 01:12:33 [main]**************** INFO  org.hibernate.annotations.common.Version - HCANN000001: Hibernate Commons Annotations {5.1.2.Final}
2022-07-26 01:12:33 [main]**************** INFO  org.hibernate.dialect.Dialect - HHH000400: Using dialect: org.hibernate.dialect.MySQL8Dialect
2022-07-26 01:12:33 [main]**************** INFO  o.h.e.t.jta.platform.internal.JtaPlatformInitiator - HHH000490: Using JtaPlatform implementation: [org.hibernate.engine.transaction.jta.platform.internal.NoJtaPlatform]
2022-07-26 01:12:36 [main]**************** INFO  com.example.modules.wall.service.WallTest - Started WallTest in 6.932 seconds (JVM running for 8.49)
2022-07-26 01:12:36 [SpringApplicationShutdownHook]**************** INFO  com.alibaba.druid.pool.DruidDataSource - {dataSource-1} closing ...
2022-07-26 01:12:36 [SpringApplicationShutdownHook]**************** INFO  com.alibaba.druid.pool.DruidDataSource - {dataSource-1} closed
2022-07-26 01:13:55 [main]**************** INFO  com.example.HistudentApplication - Starting HistudentApplication using Java 17.0.3.1 on MuShan with PID 20132 (D:\Development\Programming\MyCode\IDEAProject\histudent\target\classes started by MuShan in D:\Development\Programming\MyCode\IDEAProject\histudent)
2022-07-26 01:13:55 [main]**************** DEBUG com.example.HistudentApplication - Running with Spring Boot v2.7.1, Spring v5.3.21
2022-07-26 01:13:55 [main]**************** INFO  com.example.HistudentApplication - The following 1 profile is active: "dev"
2022-07-26 01:13:56 [main]**************** INFO  org.apache.catalina.core.AprLifecycleListener - Loaded Apache Tomcat Native library [1.2.31] using APR version [1.7.0].
2022-07-26 01:13:56 [main]**************** INFO  org.apache.catalina.core.AprLifecycleListener - APR capabilities: IPv6 [true], sendfile [true], accept filters [false], random [true], UDS [true].
2022-07-26 01:13:56 [main]**************** INFO  org.apache.catalina.core.AprLifecycleListener - APR/OpenSSL configuration: useAprConnector [false], useOpenSSL [true]
2022-07-26 01:13:56 [main]**************** INFO  org.apache.catalina.core.AprLifecycleListener - OpenSSL successfully initialized [OpenSSL 1.1.1l  24 Aug 2021]
2022-07-26 01:13:56 [main]**************** INFO  org.apache.coyote.http11.Http11NioProtocol - Initializing ProtocolHandler ["http-nio-8081"]
2022-07-26 01:13:56 [main]**************** INFO  org.apache.catalina.core.StandardService - Starting service [Tomcat]
2022-07-26 01:13:56 [main]**************** INFO  org.apache.catalina.core.StandardEngine - Starting Servlet engine: [Apache Tomcat/9.0.64]
2022-07-26 01:13:56 [main]**************** INFO  o.a.c.core.ContainerBase.[Tomcat].[localhost].[/] - Initializing Spring embedded WebApplicationContext
2022-07-26 01:13:57 [main]**************** INFO  com.alibaba.druid.pool.DruidDataSource - {dataSource-1} inited
2022-07-26 01:13:58 [main]**************** INFO  org.hibernate.jpa.internal.util.LogHelper - HHH000204: Processing PersistenceUnitInfo [name: default]
2022-07-26 01:13:58 [main]**************** INFO  org.hibernate.Version - HHH000412: Hibernate ORM core version 5.6.9.Final
2022-07-26 01:13:58 [main]**************** INFO  org.hibernate.annotations.common.Version - HCANN000001: Hibernate Commons Annotations {5.1.2.Final}
2022-07-26 01:13:58 [main]**************** INFO  org.hibernate.dialect.Dialect - HHH000400: Using dialect: org.hibernate.dialect.MySQL8Dialect
2022-07-26 01:13:58 [main]**************** INFO  o.h.e.t.jta.platform.internal.JtaPlatformInitiator - HHH000490: Using JtaPlatform implementation: [org.hibernate.engine.transaction.jta.platform.internal.NoJtaPlatform]
2022-07-26 01:13:59 [main]**************** INFO  org.apache.coyote.http11.Http11NioProtocol - Starting ProtocolHandler ["http-nio-8081"]
2022-07-26 01:13:59 [main]**************** INFO  com.example.HistudentApplication - Started HistudentApplication in 4.818 seconds (JVM running for 5.468)
2022-07-26 01:14:59 [http-nio-8081-exec-1]**************** INFO  o.a.c.core.ContainerBase.[Tomcat].[localhost].[/] - Initializing Spring DispatcherServlet 'dispatcherServlet'
2022-07-26 01:16:40 [main]**************** INFO  com.example.HistudentApplication - Starting HistudentApplication using Java 17.0.3.1 on MuShan with PID 3816 (D:\Development\Programming\MyCode\IDEAProject\histudent\target\classes started by MuShan in D:\Development\Programming\MyCode\IDEAProject\histudent)
2022-07-26 01:16:40 [main]**************** DEBUG com.example.HistudentApplication - Running with Spring Boot v2.7.1, Spring v5.3.21
2022-07-26 01:16:40 [main]**************** INFO  com.example.HistudentApplication - The following 1 profile is active: "dev"
2022-07-26 01:16:41 [main]**************** INFO  org.apache.catalina.core.AprLifecycleListener - Loaded Apache Tomcat Native library [1.2.31] using APR version [1.7.0].
2022-07-26 01:16:41 [main]**************** INFO  org.apache.catalina.core.AprLifecycleListener - APR capabilities: IPv6 [true], sendfile [true], accept filters [false], random [true], UDS [true].
2022-07-26 01:16:41 [main]**************** INFO  org.apache.catalina.core.AprLifecycleListener - APR/OpenSSL configuration: useAprConnector [false], useOpenSSL [true]
2022-07-26 01:16:41 [main]**************** INFO  org.apache.catalina.core.AprLifecycleListener - OpenSSL successfully initialized [OpenSSL 1.1.1l  24 Aug 2021]
2022-07-26 01:16:41 [main]**************** INFO  org.apache.coyote.http11.Http11NioProtocol - Initializing ProtocolHandler ["http-nio-8081"]
2022-07-26 01:16:41 [main]**************** INFO  org.apache.catalina.core.StandardService - Starting service [Tomcat]
2022-07-26 01:16:41 [main]**************** INFO  org.apache.catalina.core.StandardEngine - Starting Servlet engine: [Apache Tomcat/9.0.64]
2022-07-26 01:16:41 [main]**************** INFO  o.a.c.core.ContainerBase.[Tomcat].[localhost].[/] - Initializing Spring embedded WebApplicationContext
2022-07-26 01:16:42 [main]**************** INFO  com.alibaba.druid.pool.DruidDataSource - {dataSource-1} inited
2022-07-26 01:16:43 [main]**************** INFO  org.hibernate.jpa.internal.util.LogHelper - HHH000204: Processing PersistenceUnitInfo [name: default]
2022-07-26 01:16:43 [main]**************** INFO  org.hibernate.Version - HHH000412: Hibernate ORM core version 5.6.9.Final
2022-07-26 01:16:43 [main]**************** INFO  org.hibernate.annotations.common.Version - HCANN000001: Hibernate Commons Annotations {5.1.2.Final}
2022-07-26 01:16:43 [main]**************** INFO  org.hibernate.dialect.Dialect - HHH000400: Using dialect: org.hibernate.dialect.MySQL8Dialect
2022-07-26 01:16:43 [main]**************** INFO  o.h.e.t.jta.platform.internal.JtaPlatformInitiator - HHH000490: Using JtaPlatform implementation: [org.hibernate.engine.transaction.jta.platform.internal.NoJtaPlatform]
2022-07-26 01:16:44 [main]**************** INFO  org.apache.coyote.http11.Http11NioProtocol - Starting ProtocolHandler ["http-nio-8081"]
2022-07-26 01:16:44 [main]**************** INFO  com.example.HistudentApplication - Started HistudentApplication in 4.261 seconds (JVM running for 4.991)
2022-07-26 01:17:22 [main]**************** INFO  com.example.HistudentApplication - Starting HistudentApplication using Java 17.0.3.1 on MuShan with PID 17560 (D:\Development\Programming\MyCode\IDEAProject\histudent\target\classes started by MuShan in D:\Development\Programming\MyCode\IDEAProject\histudent)
2022-07-26 01:17:22 [main]**************** DEBUG com.example.HistudentApplication - Running with Spring Boot v2.7.1, Spring v5.3.21
2022-07-26 01:17:22 [main]**************** INFO  com.example.HistudentApplication - The following 1 profile is active: "dev"
2022-07-26 01:17:23 [main]**************** INFO  org.apache.catalina.core.AprLifecycleListener - Loaded Apache Tomcat Native library [1.2.31] using APR version [1.7.0].
2022-07-26 01:17:23 [main]**************** INFO  org.apache.catalina.core.AprLifecycleListener - APR capabilities: IPv6 [true], sendfile [true], accept filters [false], random [true], UDS [true].
2022-07-26 01:17:23 [main]**************** INFO  org.apache.catalina.core.AprLifecycleListener - APR/OpenSSL configuration: useAprConnector [false], useOpenSSL [true]
2022-07-26 01:17:23 [main]**************** INFO  org.apache.catalina.core.AprLifecycleListener - OpenSSL successfully initialized [OpenSSL 1.1.1l  24 Aug 2021]
2022-07-26 01:17:23 [main]**************** INFO  org.apache.coyote.http11.Http11NioProtocol - Initializing ProtocolHandler ["http-nio-8081"]
2022-07-26 01:17:23 [main]**************** INFO  org.apache.catalina.core.StandardService - Starting service [Tomcat]
2022-07-26 01:17:23 [main]**************** INFO  org.apache.catalina.core.StandardEngine - Starting Servlet engine: [Apache Tomcat/9.0.64]
2022-07-26 01:17:23 [main]**************** INFO  o.a.c.core.ContainerBase.[Tomcat].[localhost].[/] - Initializing Spring embedded WebApplicationContext
2022-07-26 01:17:24 [main]**************** INFO  com.alibaba.druid.pool.DruidDataSource - {dataSource-1} inited
2022-07-26 01:17:25 [main]**************** INFO  org.hibernate.jpa.internal.util.LogHelper - HHH000204: Processing PersistenceUnitInfo [name: default]
2022-07-26 01:17:25 [main]**************** INFO  org.hibernate.Version - HHH000412: Hibernate ORM core version 5.6.9.Final
2022-07-26 01:17:25 [main]**************** INFO  org.hibernate.annotations.common.Version - HCANN000001: Hibernate Commons Annotations {5.1.2.Final}
2022-07-26 01:17:25 [main]**************** INFO  org.hibernate.dialect.Dialect - HHH000400: Using dialect: org.hibernate.dialect.MySQL8Dialect
2022-07-26 01:17:25 [main]**************** INFO  o.h.e.t.jta.platform.internal.JtaPlatformInitiator - HHH000490: Using JtaPlatform implementation: [org.hibernate.engine.transaction.jta.platform.internal.NoJtaPlatform]
2022-07-26 01:17:26 [main]**************** INFO  org.apache.coyote.http11.Http11NioProtocol - Starting ProtocolHandler ["http-nio-8081"]
2022-07-26 01:17:26 [main]**************** INFO  com.example.HistudentApplication - Started HistudentApplication in 4.337 seconds (JVM running for 4.917)
2022-07-26 01:17:39 [http-nio-8081-exec-1]**************** INFO  o.a.c.core.ContainerBase.[Tomcat].[localhost].[/] - Initializing Spring DispatcherServlet 'dispatcherServlet'
